c:\users\a_o_9\onedrive\documents\visual studio 2017\projects\quicksdl\sdltutorial\debug\vc141.pdb
c:\users\a_o_9\onedrive\documents\visual studio 2017\projects\quicksdl\sdltutorial\debug\vc141.idb
c:\users\a_o_9\onedrive\documents\visual studio 2017\projects\quicksdl\sdltutorial\debug\animatedtexture.obj
c:\users\a_o_9\onedrive\documents\visual studio 2017\projects\quicksdl\sdltutorial\debug\assetmanager.obj
c:\users\a_o_9\onedrive\documents\visual studio 2017\projects\quicksdl\sdltutorial\debug\audiomanager.obj
c:\users\a_o_9\onedrive\documents\visual studio 2017\projects\quicksdl\sdltutorial\debug\gameentity.obj
c:\users\a_o_9\onedrive\documents\visual studio 2017\projects\quicksdl\sdltutorial\debug\gamemanager.obj
c:\users\a_o_9\onedrive\documents\visual studio 2017\projects\quicksdl\sdltutorial\debug\graphics.obj
c:\users\a_o_9\onedrive\documents\visual studio 2017\projects\quicksdl\sdltutorial\debug\inputmanager.obj
c:\users\a_o_9\onedrive\documents\visual studio 2017\projects\quicksdl\sdltutorial\debug\main.obj
c:\users\a_o_9\onedrive\documents\visual studio 2017\projects\quicksdl\sdltutorial\debug\texture.obj
c:\users\a_o_9\onedrive\documents\visual studio 2017\projects\quicksdl\sdltutorial\debug\timer.obj
c:\users\a_o_9\onedrive\documents\visual studio 2017\projects\quicksdl\debug\quicksdl.ilk
c:\users\a_o_9\onedrive\documents\visual studio 2017\projects\quicksdl\debug\quicksdl.exe
c:\users\a_o_9\onedrive\documents\visual studio 2017\projects\quicksdl\debug\quicksdl.pdb
c:\users\a_o_9\onedrive\documents\visual studio 2017\projects\quicksdl\sdltutorial\debug\quicksdl.tlog\cl.command.1.tlog
c:\users\a_o_9\onedrive\documents\visual studio 2017\projects\quicksdl\sdltutorial\debug\quicksdl.tlog\cl.read.1.tlog
c:\users\a_o_9\onedrive\documents\visual studio 2017\projects\quicksdl\sdltutorial\debug\quicksdl.tlog\cl.write.1.tlog
c:\users\a_o_9\onedrive\documents\visual studio 2017\projects\quicksdl\sdltutorial\debug\quicksdl.tlog\link.command.1.tlog
c:\users\a_o_9\onedrive\documents\visual studio 2017\projects\quicksdl\sdltutorial\debug\quicksdl.tlog\link.read.1.tlog
c:\users\a_o_9\onedrive\documents\visual studio 2017\projects\quicksdl\sdltutorial\debug\quicksdl.tlog\link.write.1.tlog
